<?xml version="1.0" encoding="UTF-8" ?>
<testsuite errors="0" failures="0" hostname="DELLE6230_032" name="org.magpiebrain.bigvisiblewall.cardwall.repository.mingle.UserParserTests" skipped="0" tests="2" time="0.342" timestamp="2013-06-17T09:25:57">
  <properties>
[...]
</properties>
  <testcase classname="765204291" name="parse single users" time="0.029" />
  <testcase classname="1656440601" name="parse two users" time="0.005" />
  <system-out><![CDATA[]]></system-out>
  <system-err><![CDATA[]]></system-err>
</testsuite>
