<?xml version="1.0" encoding="UTF-8" ?>
<testsuite errors="0" failures="0" hostname="adams-t520.caplin.com" name="org.magpiebrain.bigvisiblewall.buildwall.ByNameSortingTests" tests="2" time="0.318" timestamp="2011-08-03T10:25:31">
  <properties>
[...]
</properties>
  <testcase classname="1943692956" name="Handle an empty list" time="0.018" />
  <testcase classname="126273328" name="Sort builds by name" time="0.0050" />
  <system-out><![CDATA[]]></system-out>
  <system-err><![CDATA[]]></system-err>
</testsuite>
